<?xml version="1.0" encoding="UTF-8"?>
<!-- Generated by org.testng.reporters.JUnitReportReporter -->
<testsuite hostname="saurabhsoni" failures="0" tests="1" name="Tests.ShowMyTicketTest" time="21.588" errors="0" timestamp="2021-02-11T15:32:55 IST" skipped="0">
  <testcase classname="Tests.ShowMyTicketTest" name="ShowMyTicket" time="21.588"/>
  <system-out/>
</testsuite> <!-- Tests.ShowMyTicketTest -->
