<?xml version="1.0" encoding="UTF-8"?>
<!-- Generated by org.testng.reporters.JUnitReportReporter -->
<testsuite hostname="saurabhsoni" failures="0" tests="1" name="Tests.KnowTicketDetailsTest" time="47.353" errors="0" timestamp="2021-02-11T16:56:03 IST" skipped="0">
  <testcase classname="Tests.KnowTicketDetailsTest" name="KnowMoreFuntionalityCheck" time="47.353"/>
  <system-out/>
</testsuite> <!-- Tests.KnowTicketDetailsTest -->
