<?xml version="1.0" encoding="UTF-8"?>
<!-- Generated by org.testng.reporters.JUnitReportReporter -->
<testsuite hostname="saurabhsoni" failures="0" tests="2" name="Tests.UpdateProfileTest" time="84.016" errors="0" timestamp="2021-02-11T15:32:55 IST" skipped="0">
  <testcase classname="Tests.UpdateProfileTest" name="ValidUpdate" time="42.192"/>
  <system-out/>
  <testcase classname="Tests.UpdateProfileTest" name="InvalidUpdate" time="41.824"/>
  <system-out/>
</testsuite> <!-- Tests.UpdateProfileTest -->
