<?xml version="1.0" encoding="UTF-8"?>
<!-- Generated by org.testng.reporters.JUnitReportReporter -->
<testsuite hostname="saurabhsoni" failures="0" tests="1" name="tests.Goggle" time="3.166" errors="0" timestamp="2021-02-05T16:14:55 IST" skipped="0">
  <testcase classname="tests.Goggle" name="method1" time="3.166"/>
  <system-out/>
</testsuite> <!-- tests.Goggle -->
