<?xml version="1.0" encoding="UTF-8"?>
<!-- Generated by org.testng.reporters.JUnitReportReporter -->
<testsuite hostname="saurabhsoni" failures="0" tests="1" name="Tests.MyProfileWindowTest" time="35.806" errors="0" timestamp="2021-02-11T17:12:18 IST" skipped="0">
  <testcase classname="Tests.MyProfileWindowTest" name="ProfileWindowCheck" time="35.806"/>
  <system-out/>
</testsuite> <!-- Tests.MyProfileWindowTest -->
