<?xml version="1.0" encoding="UTF-8"?>
<!-- Generated by org.testng.reporters.JUnitReportReporter -->
<testsuite hostname="saurabhsoni" failures="0" tests="1" name="tests.WalletTest" time="45.976" errors="0" timestamp="2021-02-07T16:05:07 IST" skipped="0">
  <testcase classname="tests.WalletTest" name="WalletBalanceCheck" time="45.976"/>
  <system-out/>
</testsuite> <!-- tests.WalletTest -->
