<?xml version="1.0" encoding="UTF-8"?>
<!-- Generated by org.testng.reporters.JUnitReportReporter -->
<testsuite hostname="saurabhsoni" failures="0" tests="1" name="Tests.UpdateDateTravelTest" time="31.645" errors="0" timestamp="2021-02-11T15:32:55 IST" skipped="0">
  <testcase classname="Tests.UpdateDateTravelTest" name="modifyPage" time="31.645"/>
  <system-out/>
</testsuite> <!-- Tests.UpdateDateTravelTest -->
