<?xml version="1.0" encoding="UTF-8"?>
<!-- Generated by org.testng.reporters.JUnitReportReporter -->
<testsuite hostname="saurabhsoni" failures="0" tests="1" name="Tests.CancelBookedTicketTest" time="34.172" errors="0" timestamp="2021-02-11T15:37:31 IST" skipped="0">
  <testcase classname="Tests.CancelBookedTicketTest" name="CancelTicketFuntion" time="34.172"/>
  <system-out/>
</testsuite> <!-- Tests.CancelBookedTicketTest -->
