<?xml version="1.0" encoding="UTF-8"?>
<!-- Generated by org.testng.reporters.JUnitReportReporter -->
<testsuite hostname="saurabhsoni" failures="0" tests="1" name="Test_RedBus.Show_My_Ticket_Test" time="20.704" errors="0" timestamp="2021-02-10T14:25:42 IST" skipped="0">
  <testcase classname="Test_RedBus.Show_My_Ticket_Test" name="ShowMyTicket" time="20.704"/>
  <system-out/>
</testsuite> <!-- Test_RedBus.Show_My_Ticket_Test -->
