<?xml version="1.0" encoding="UTF-8"?>
<!-- Generated by org.testng.reporters.JUnitReportReporter -->
<testsuite hostname="saurabhsoni" failures="0" tests="1" name="tests.SearchBusTest" time="15.141" errors="0" timestamp="2021-02-08T12:24:32 IST" skipped="0">
  <testcase classname="tests.SearchBusTest" name="searchBuses" time="15.141"/>
  <system-out/>
</testsuite> <!-- tests.SearchBusTest -->
