<?xml version="1.0" encoding="UTF-8"?>
<!-- Generated by org.testng.reporters.JUnitReportReporter -->
<testsuite hostname="saurabhsoni" failures="0" tests="1" name="Tests.SafetyProgramTest" time="13.893" errors="0" timestamp="2021-02-11T17:41:40 IST" skipped="0">
  <testcase classname="Tests.SafetyProgramTest" name="SafetyProgramFuntionalityCheck" time="13.893"/>
  <system-out/>
</testsuite> <!-- Tests.SafetyProgramTest -->
