<?xml version="1.0" encoding="UTF-8"?>
<!-- Generated by org.testng.reporters.JUnitReportReporter -->
<testsuite hostname="saurabhsoni" failures="0" tests="1" name="tests.LoginFbTest" time="0.030" errors="0" timestamp="2021-02-09T18:35:37 IST" skipped="1">
  <testcase classname="tests.LoginFbTest" name="ValidSignIn" time="0.030">
    <skipped/>
  </testcase> <!-- ValidSignIn -->
  <system-out/>
</testsuite> <!-- tests.LoginFbTest -->
