<?xml version="1.0" encoding="UTF-8"?>
<!-- Generated by org.testng.reporters.JUnitReportReporter -->
<testsuite hostname="saurabhsoni" failures="0" tests="1" name="tests.KnowMoreTest" time="6.609" errors="0" timestamp="2021-02-07T16:05:07 IST" skipped="0">
  <testcase classname="tests.KnowMoreTest" name="knowmore" time="6.609"/>
  <system-out/>
</testsuite> <!-- tests.KnowMoreTest -->
