<?xml version="1.0" encoding="UTF-8"?>
<!-- Generated by org.testng.reporters.JUnitReportReporter -->
<testsuite hostname="saurabhsoni" failures="0" tests="1" name="tests.MyProfileTest" time="46.135" errors="0" timestamp="2021-02-07T16:05:07 IST" skipped="0">
  <testcase classname="tests.MyProfileTest" name="ProfileWindowCheck" time="46.135"/>
  <system-out/>
</testsuite> <!-- tests.MyProfileTest -->
