<?xml version="1.0" encoding="UTF-8"?>
<!-- Generated by org.testng.reporters.JUnitReportReporter -->
<testsuite hostname="saurabhsoni" failures="0" tests="1" name="Test_RedBus.My_Profile_Window_Test" time="33.661" errors="0" timestamp="2021-02-10T14:25:42 IST" skipped="0">
  <testcase classname="Test_RedBus.My_Profile_Window_Test" name="ProfileWindowCheck" time="33.661"/>
  <system-out/>
</testsuite> <!-- Test_RedBus.My_Profile_Window_Test -->
