<?xml version="1.0" encoding="UTF-8"?>
<!-- Generated by org.testng.reporters.JUnitReportReporter -->
<testsuite hostname="saurabhsoni" failures="0" tests="1" name="Test_RedBus.Know_More_Test" time="25.186" errors="0" timestamp="2021-02-10T14:25:42 IST" skipped="0">
  <testcase classname="Test_RedBus.Know_More_Test" name="KnowMoreFuntionalityCheck" time="25.186"/>
  <system-out/>
</testsuite> <!-- Test_RedBus.Know_More_Test -->
