<?xml version="1.0" encoding="UTF-8"?>
<!-- Generated by org.testng.reporters.JUnitReportReporter -->
<testsuite hostname="saurabhsoni" failures="0" tests="1" name="Tests.SavedWalletCardsTest" time="34.953" errors="0" timestamp="2021-02-11T15:32:55 IST" skipped="0">
  <testcase classname="Tests.SavedWalletCardsTest" name="SavedCardInWallet" time="34.953"/>
  <system-out/>
</testsuite> <!-- Tests.SavedWalletCardsTest -->
