<?xml version="1.0" encoding="UTF-8"?>
<!-- Generated by org.testng.reporters.JUnitReportReporter -->
<testsuite hostname="saurabhsoni" failures="0" tests="1" name="Test_RedBus.Wallet_Money_Test" time="34.258" errors="0" timestamp="2021-02-10T14:25:42 IST" skipped="0">
  <testcase classname="Test_RedBus.Wallet_Money_Test" name="WalletBalanceCheck" time="34.258"/>
  <system-out/>
</testsuite> <!-- Test_RedBus.Wallet_Money_Test -->
