<?xml version="1.0" encoding="UTF-8"?>
<!-- Generated by org.testng.reporters.JUnitReportReporter -->
<testsuite hostname="saurabhsoni" failures="0" tests="1" name="tests.LoginClass" time="35.496" errors="0" timestamp="2021-02-05T22:45:43 IST" skipped="0">
  <testcase classname="tests.LoginClass" name="ValidSignIn" time="35.496"/>
  <system-out/>
</testsuite> <!-- tests.LoginClass -->
