<?xml version="1.0" encoding="UTF-8"?>
<!-- Generated by org.testng.reporters.JUnitReportReporter -->
<testsuite hostname="saurabhsoni" failures="0" tests="1" name="tests.DemoSheet" time="0.362" errors="0" timestamp="2021-02-04T16:47:12 IST" skipped="0">
  <testcase classname="tests.DemoSheet" name="hello" time="0.362"/>
  <system-out/>
</testsuite> <!-- tests.DemoSheet -->
