<?xml version="1.0" encoding="UTF-8"?>
<!-- Generated by org.testng.reporters.JUnitReportReporter -->
<testsuite hostname="saurabhsoni" failures="0" tests="1" name="Tests.WalletMoneyTest" time="35.253" errors="0" timestamp="2021-02-11T17:42:30 IST" skipped="0">
  <testcase classname="Tests.WalletMoneyTest" name="WalletBalanceCheck" time="35.253"/>
  <system-out/>
</testsuite> <!-- Tests.WalletMoneyTest -->
