<?xml version="1.0" encoding="UTF-8"?>
<!-- Generated by org.testng.reporters.JUnitReportReporter -->
<testsuite hostname="saurabhsoni" failures="0" tests="1" name="Test_RedBus.Wallet_Card_Window_Test" time="41.714" errors="0" timestamp="2021-02-10T14:25:42 IST" skipped="0">
  <testcase classname="Test_RedBus.Wallet_Card_Window_Test" name="SavedCardInWallet" time="41.714"/>
  <system-out/>
</testsuite> <!-- Test_RedBus.Wallet_Card_Window_Test -->
