<?xml version="1.0" encoding="UTF-8"?>
<!-- Generated by org.testng.reporters.JUnitReportReporter -->
<testsuite hostname="saurabhsoni" failures="0" tests="1" name="Tests.LoginInTest" time="49.728" errors="0" timestamp="2021-02-11T16:57:07 IST" skipped="0">
  <testcase classname="Tests.LoginInTest" name="ValidSignIn" time="49.728"/>
  <system-out/>
</testsuite> <!-- Tests.LoginInTest -->
