<?xml version="1.0" encoding="UTF-8"?>
<!-- Generated by org.testng.reporters.JUnitReportReporter -->
<testsuite hostname="saurabhsoni" failures="0" tests="1" name="Tests.FindBusTest" time="26.601" errors="0" timestamp="2021-02-11T15:32:55 IST" skipped="0">
  <testcase classname="Tests.FindBusTest" name="searchBuses" time="26.601"/>
  <system-out/>
</testsuite> <!-- Tests.FindBusTest -->
