<?xml version="1.0" encoding="UTF-8"?>
<!-- Generated by org.testng.reporters.JUnitReportReporter -->
<testsuite hostname="saurabhsoni" failures="0" tests="1" name="Test_RedBus.Search_Bus_Test" time="25.467" errors="0" timestamp="2021-02-10T14:25:42 IST" skipped="0">
  <testcase classname="Test_RedBus.Search_Bus_Test" name="searchBuses" time="25.467"/>
  <system-out/>
</testsuite> <!-- Test_RedBus.Search_Bus_Test -->
